<?xml version="1.0" encoding="UTF-8"?>
<!-- Generated by org.testng.reporters.JUnitReportReporter -->
<testsuite hostname="DESKTOP-LRO9C4E" failures="0" tests="2" name="com.github.loginpagetest.LoginPageTest" time="1.827" errors="0" timestamp="2024-10-08T15:02:56 IST" skipped="0">
  <testcase classname="com.github.loginpagetest.LoginPageTest" name="testLogoIsDisplayed" time="0.110"/>
  <testcase classname="com.github.loginpagetest.LoginPageTest" name="testSignInFunctionality" time="1.717"/>
</testsuite> <!-- com.github.loginpagetest.LoginPageTest -->
